Launching lib/main.dart on Chrome in debug mode...
Waiting for connection from debug service on Chrome...             14.1s

Flutter run key commands.
r Hot reload. 🔥🔥🔥
R Hot restart.
h List all available interactive commands.
d Detach (terminate "flutter run" but leave application running).
c Clear the screen
q Quit (terminate the application on the device).

This app is linked to the debug service: ws://127.0.0.1:53232/Y64-jD2goZY=/ws
Debug service listening on ws://127.0.0.1:53232/Y64-jD2goZY=/ws
A Dart VM Service on Chrome is available at: http://127.0.0.1:53232/Y64-jD2goZY=
The Flutter DevTools debugger and profiler on Chrome is available at: http://127.0.0.1:53232/Y64-jD2goZY=/devtools/?uri=ws://127.0.0.1:53232/Y64-jD2goZY=/ws
Starting application from main method in: org-dartlang-app:/web_entrypoint.dart.
Found an existing <meta name="viewport"> tag. Flutter Web uses its own viewport configuration for better compatibility with Flutter. This tag will be replaced.
HOME_PAGE_BUILD: Shamell
Starting application from main method in: org-dartlang-app:/web_entrypoint.dart.
Found an existing <meta name="viewport"> tag. Flutter Web uses its own viewport configuration for better compatibility with Flutter. This tag will be replaced.
HOME_PAGE_BUILD: Shamell
RethrownDartError: ClientException: Failed to fetch, uri=http://localhost:8080/auth/request_code
    package:http/src/browser_client.dart 82:30                                        <fn>
dart-sdk/lib/_internal/js_dev_runtime/patch/async_patch.dart 623:19               <fn>
dart-sdk/lib/_internal/js_dev_runtime/patch/async_patch.dart 648:23               <fn>
dart-sdk/lib/_internal/js_dev_runtime/patch/async_patch.dart 594:19               <fn>
dart-sdk/lib/async/zone.dart 1849:54                                              runUnary
dart-sdk/lib/async/future_impl.dart 222:18                                        handleValue
dart-sdk/lib/async/future_impl.dart 948:44                                        handleValueCallback
dart-sdk/lib/async/future_impl.dart 977:13                                        _propagateToListeners
dart-sdk/lib/async/future_impl.dart 720:5                                         [_completeWithValue]
dart-sdk/lib/async/future_impl.dart 804:7                                         <fn>
dart-sdk/lib/async/schedule_microtask.dart 40:34                                  _microtaskLoop
dart-sdk/lib/async/schedule_microtask.dart 49:5                                   _startMicrotaskLoop
dart-sdk/lib/_internal/js_dev_runtime/private/ddc_runtime/operations.dart 118:77  tear
dart-sdk/lib/_internal/js_dev_runtime/patch/async_patch.dart 188:69               <fn>


dart-sdk/lib/_internal/js_dev_runtime/private/ddc_runtime/errors.dart 307:10      createErrorWithStack
dart-sdk/lib/_internal/js_dev_runtime/patch/core_patch.dart 280:28                _throw
dart-sdk/lib/core/errors.dart 120:5                                               throwWithStackTrace
dart-sdk/lib/async/zone.dart 1512:11                                              <fn>
dart-sdk/lib/async/schedule_microtask.dart 40:34                                  _microtaskLoop
dart-sdk/lib/async/schedule_microtask.dart 49:5                                   _startMicrotaskLoop
dart-sdk/lib/_internal/js_dev_runtime/private/ddc_runtime/operations.dart 118:77  tear
dart-sdk/lib/_internal/js_dev_runtime/patch/async_patch.dart 188:69               <fn>
Starting application from main method in: org-dartlang-app:/web_entrypoint.dart.
Found an existing <meta name="viewport"> tag. Flutter Web uses its own viewport configuration for better compatibility with Flutter. This tag will be replaced.
HOME_PAGE_BUILD: Shamell
RethrownDartError: ClientException: Failed to fetch, uri=http://localhost:8080/auth/request_code
    package:http/src/browser_client.dart 82:30                                        <fn>
dart-sdk/lib/_internal/js_dev_runtime/patch/async_patch.dart 623:19               <fn>
dart-sdk/lib/_internal/js_dev_runtime/patch/async_patch.dart 648:23               <fn>
dart-sdk/lib/_internal/js_dev_runtime/patch/async_patch.dart 594:19               <fn>
dart-sdk/lib/async/zone.dart 1849:54                                              runUnary
dart-sdk/lib/async/future_impl.dart 222:18                                        handleValue
dart-sdk/lib/async/future_impl.dart 948:44                                        handleValueCallback
dart-sdk/lib/async/future_impl.dart 977:13                                        _propagateToListeners
dart-sdk/lib/async/future_impl.dart 720:5                                         [_completeWithValue]
dart-sdk/lib/async/future_impl.dart 804:7                                         <fn>
dart-sdk/lib/async/schedule_microtask.dart 40:34                                  _microtaskLoop
dart-sdk/lib/async/schedule_microtask.dart 49:5                                   _startMicrotaskLoop
dart-sdk/lib/_internal/js_dev_runtime/private/ddc_runtime/operations.dart 118:77  tear
dart-sdk/lib/_internal/js_dev_runtime/patch/async_patch.dart 188:69               <fn>


dart-sdk/lib/_internal/js_dev_runtime/private/ddc_runtime/errors.dart 307:10      createErrorWithStack
dart-sdk/lib/_internal/js_dev_runtime/patch/core_patch.dart 280:28                _throw
dart-sdk/lib/core/errors.dart 120:5                                               throwWithStackTrace
dart-sdk/lib/async/zone.dart 1512:11                                              <fn>
dart-sdk/lib/async/schedule_microtask.dart 40:34                                  _microtaskLoop
dart-sdk/lib/async/schedule_microtask.dart 49:5                                   _startMicrotaskLoop
dart-sdk/lib/_internal/js_dev_runtime/private/ddc_runtime/operations.dart 118:77  tear
dart-sdk/lib/_internal/js_dev_runtime/patch/async_patch.dart 188:69               <fn>
Application finished.
