Resolving dependencies...
Downloading packages...
  app_links 6.4.1 (7.0.0 available)
  characters 1.4.0 (1.4.1 available)
  connectivity_plus 6.1.5 (7.0.0 available)
  cross_file 0.3.5 (0.3.5+1 available)
  file_selector_linux 0.9.3+2 (0.9.3+3 available)
  file_selector_macos 0.9.4+5 (0.9.4+6 available)
  file_selector_platform_interface 2.6.2 (2.7.0 available)
  file_selector_windows 0.9.3+4 (0.9.3+5 available)
  flutter_launcher_icons 0.13.1 (0.14.4 available)
  flutter_local_notifications 17.2.4 (19.5.0 available)
  flutter_local_notifications_linux 4.0.1 (6.0.0 available)
  flutter_local_notifications_platform_interface 7.2.0 (9.1.0 available)
  flutter_map 6.2.1 (8.2.2 available)
  geocoding 2.2.2 (4.0.0 available)
  geocoding_android 3.3.1 (4.0.1 available)
  geocoding_ios 2.3.0 (3.1.0 available)
  geolocator 10.1.1 (14.0.2 available)
  geolocator_android 4.6.2 (5.0.2 available)
  geolocator_web 2.2.1 (4.1.3 available)
  google_maps_flutter_android 2.18.4 (2.18.5 available)
  google_maps_flutter_ios 2.15.5 (2.15.7 available)
  google_maps_flutter_web 0.5.14+2 (0.5.14+3 available)
  http 1.5.0 (1.6.0 available)
  image_picker 1.2.0 (1.2.1 available)
  image_picker_android 0.8.13+7 (0.8.13+9 available)
  image_picker_for_web 3.1.0 (3.1.1 available)
  image_picker_ios 0.8.13+1 (0.8.13+2 available)
  material_color_utilities 0.11.1 (0.13.0 available)
  meta 1.16.0 (1.17.0 available)
  mgrs_dart 2.0.0 (3.0.0 available)
  mobile_scanner 3.5.7 (7.1.3 available)
  path_provider_android 2.2.20 (2.2.21 available)
  path_provider_foundation 2.4.3 (2.5.0 available)
  proj4dart 2.1.0 (3.0.0 available)
  share_plus 10.1.4 (12.0.1 available)
  share_plus_platform_interface 5.0.2 (6.1.0 available)
  shared_preferences_android 2.4.15 (2.4.16 available)
  shared_preferences_foundation 2.5.5 (2.5.6 available)
  test_api 0.7.6 (0.7.8 available)
  timezone 0.9.4 (0.10.1 available)
  unicode 0.3.1 (1.1.8 available)
  universal_io 2.2.2 (2.3.1 available)
  url_launcher_android 6.3.24 (6.3.26 available)
  url_launcher_ios 6.3.5 (6.3.6 available)
  url_launcher_linux 3.2.1 (3.2.2 available)
  url_launcher_macos 3.2.4 (3.2.5 available)
  url_launcher_windows 3.1.4 (3.1.5 available)
  web_socket_channel 2.4.0 (3.0.3 available)
  webview_flutter_android 4.10.5 (4.10.6 available)
  webview_flutter_wkwebview 3.23.2 (3.23.3 available)
Got dependencies!
50 packages have newer versions incompatible with dependency constraints.
Try `flutter pub outdated` for more information.
Launching lib/main.dart on Web Server in debug mode...
Waiting for connection from debug service on Web Server...         13.4s
lib/main.dart is being served at http://localhost:5002
The web-server device requires the Dart Debug Chrome extension for debugging. Consider using the Chrome or Edge devices for an improved development workflow.

Flutter run key commands.
r Hot reload. 🔥🔥🔥
R Hot restart.
h List all available interactive commands.
d Detach (terminate "flutter run" but leave application running).
c Clear the screen
q Quit (terminate the application on the device).

The Dart compiler exited unexpectedly.
